{"/home/cjadmin/Projects/jobscout-api/src/tests/hello/hello.ts": {"path":"/home/cjadmin/Projects/jobscout-api/src/tests/hello/hello.ts","statementMap":{"0":{"start":{"line":2,"column":2},"end":{"line":2,"column":17}}},"fnMap":{"0":{"name":"hello","decl":{"start":{"line":1,"column":9},"end":{"line":1,"column":14}},"loc":{"start":{"line":1,"column":17},"end":{"line":3,"column":1}},"line":1}},"branchMap":{},"s":{"0":1},"f":{"0":1},"b":{},"_coverageSchema":"1a1c01bbd47fc00a2c39e90264f33305004495a9","hash":"dc75d2d1170a66153343327547486c00abc0ff3c"}
}
